<?xml version="1.0" encoding="UTF-8"?>
<!-- Generated by org.testng.reporters.JUnitReportReporter -->
<testsuite skipped="0" hostname="del1-lhp-n70282" name="com.main.ExecutionMain" tests="3" failures="0" timestamp="01 Dec 2020 06:33:24 GMT" time="8.921" errors="0">
  <testcase name="Test3" time="7.211" classname="com.main.ExecutionMain"/>
  <testcase name="Test2" time="1.482" classname="com.main.ExecutionMain"/>
  <testcase name="Test1" time="0.228" classname="com.main.ExecutionMain"/>
</testsuite> <!-- com.main.ExecutionMain -->
